<?xml version="1.0" encoding="UTF-8"?>
<!-- Generated by org.testng.reporters.JUnitReportReporter -->
<testsuite skipped="0" hostname="trinity" name="mytests.TestNgStart" tests="1" failures="0" timestamp="11 Jul 2019 05:06:07 GMT" time="0.010" errors="0">
  <testcase name="loginTestFirst" time="0.010" classname="mytests.TestNgStart"/>
</testsuite> <!-- mytests.TestNgStart -->
