<?xml version="1.0" encoding="UTF-8"?>
<!-- Generated by org.testng.reporters.JUnitReportReporter -->
<testsuite skipped="0" hostname="trinity" name="mytests.TestNgStart" tests="2" failures="0" timestamp="11 Jul 2019 15:57:21 GMT" time="0.009" errors="0">
  <testcase name="secondTest" time="0.002" classname="mytests.TestNgStart"/>
  <testcase name="loginTestFirst" time="0.007" classname="mytests.TestNgStart"/>
</testsuite> <!-- mytests.TestNgStart -->
